<?xml version="1.0" encoding="UTF-8"?>
<testng-results ignored="0" total="0" passed="0" failed="0" skipped="0">
  <reporter-output>
  </reporter-output>
  <suite started-at="2024-09-16T12:47:44 IST" name="All Test Suite" finished-at="2024-09-16T12:47:44 IST" duration-ms="28">
    <groups>
    </groups>
    <test started-at="2024-09-16T12:47:44 IST" name="C:/Users/Srikanth/IdeaProjects/projectK" finished-at="2024-09-16T12:47:44 IST" duration-ms="28">
    </test> <!-- C:/Users/Srikanth/IdeaProjects/projectK -->
  </suite> <!-- All Test Suite -->
</testng-results>
